#
# There is insufficient memory for the Java Runtime Environment to continue.
# Native memory allocation (malloc) failed to allocate 1285296 bytes for Chunk::new
# Possible reasons:
#   The system is out of physical RAM or swap space
#   The process is running with CompressedOops enabled, and the Java Heap may be blocking the growth of the native heap
# Possible solutions:
#   Reduce memory load on the system
#   Increase physical memory or swap space
#   Check if swap backing store is full
#   Decrease Java heap size (-Xmx/-Xms)
#   Decrease number of Java threads
#   Decrease Java thread stack sizes (-Xss)
#   Set larger code cache with -XX:ReservedCodeCacheSize=
#   JVM is running with Zero Based Compressed Oops mode in which the Java heap is
#     placed in the first 32GB address space. The Java Heap base address is the
#     maximum limit for the native heap growth. Please use -XX:HeapBaseMinAddress
#     to set the Java Heap base and to place the Java Heap above 32GB virtual address.
# This output file may be truncated or incomplete.
#
#  Out of Memory Error (arena.cpp:189), pid=26412, tid=23580
#
# JRE version: Java(TM) SE Runtime Environment (17.0.12+8) (build 17.0.12+8-LTS-286)
# Java VM: Java HotSpot(TM) 64-Bit Server VM (17.0.12+8-LTS-286, mixed mode, sharing, tiered, compressed oops, compressed class ptrs, g1 gc, windows-amd64)
# No core dump will be written. Minidumps are not enabled by default on client versions of Windows
#

---------------  S U M M A R Y ------------

Command Line: C:\Users\as\AppData\Local\Temp\surefire1870741656963731762\surefirebooter-20260430174801029_3.jar C:\Users\as\AppData\Local\Temp\surefire1870741656963731762 2026-04-30T17-48-00_890-jvmRun1 surefire-20260430174801029_1tmp surefire_0-20260430174801029_2tmp

Host: 12th Gen Intel(R) Core(TM) i7-12650H, 16 cores, 15G,  Windows 11 , 64 bit Build 26100 (10.0.26100.8246)
Time: Thu Apr 30 17:48:29 2026 SE Asia Standard Time elapsed time: 28.047456 seconds (0d 0h 0m 28s)

---------------  T H R E A D  ---------------

Current thread (0x000001f3dcec7d80):  JavaThread "C2 CompilerThread0" daemon [_thread_in_native, id=23580, stack(0x000000438e400000,0x000000438e500000)]


Current CompileTask:
C2:  28156 8393 % !   4       org.springframework.beans.factory.support.DefaultListableBeanFactory::doGetBeanNamesForType @ 20 (527 bytes)

Stack: [0x000000438e400000,0x000000438e500000]
Native frames: (J=compiled Java code, j=interpreted, Vv=VM code, C=native code)
V  [jvm.dll+0x67a04a]
V  [jvm.dll+0x7da4ed]
V  [jvm.dll+0x7dbe33]
V  [jvm.dll+0x7dc4a3]
V  [jvm.dll+0x24508f]
V  [jvm.dll+0xab773]
V  [jvm.dll+0xabd3c]
V  [jvm.dll+0x361b9f]
V  [jvm.dll+0x32c431]
V  [jvm.dll+0x32b8ca]
V  [jvm.dll+0x21683f]
V  [jvm.dll+0x215c6f]
V  [jvm.dll+0x1a2960]
V  [jvm.dll+0x22610b]
V  [jvm.dll+0x2242ab]
V  [jvm.dll+0x79075c]
V  [jvm.dll+0x78abea]
V  [jvm.dll+0x678f35]
C  [ucrtbase.dll+0x37b0]
C  [KERNEL32.DLL+0x2e8d7]
C  [ntdll.dll+0x8c3fc]


---------------  P R O C E S S  ---------------

Threads class SMR info:
_java_thread_list=0x000001f4254b2830, length=17, elements={
0x000001f3b9f84d50, 0x000001f3dcea1030, 0x000001f3dcea2520, 0x000001f3dceba0a0,
0x000001f3dceba580, 0x000001f3dcebaa60, 0x000001f3dcebaf40, 0x000001f3dcec7d80,
0x000001f3dced3d70, 0x000001f3dced4290, 0x000001f3dd7aba30, 0x000001f3dd7b1730,
0x000001f423330a40, 0x000001f4233c7a40, 0x000001f425b37a90, 0x000001f425b37580,
0x000001f425bd4520
}

Java Threads: ( => current thread )
  0x000001f3b9f84d50 JavaThread "main" [_thread_in_Java, id=26824, stack(0x000000438d700000,0x000000438d800000)]
  0x000001f3dcea1030 JavaThread "Reference Handler" daemon [_thread_blocked, id=13572, stack(0x000000438de00000,0x000000438df00000)]
  0x000001f3dcea2520 JavaThread "Finalizer" daemon [_thread_blocked, id=24548, stack(0x000000438df00000,0x000000438e000000)]
  0x000001f3dceba0a0 JavaThread "Signal Dispatcher" daemon [_thread_blocked, id=17168, stack(0x000000438e000000,0x000000438e100000)]
  0x000001f3dceba580 JavaThread "Attach Listener" daemon [_thread_blocked, id=24084, stack(0x000000438e100000,0x000000438e200000)]
  0x000001f3dcebaa60 JavaThread "Service Thread" daemon [_thread_blocked, id=4748, stack(0x000000438e200000,0x000000438e300000)]
  0x000001f3dcebaf40 JavaThread "Monitor Deflation Thread" daemon [_thread_blocked, id=16324, stack(0x000000438e300000,0x000000438e400000)]
=>0x000001f3dcec7d80 JavaThread "C2 CompilerThread0" daemon [_thread_in_native, id=23580, stack(0x000000438e400000,0x000000438e500000)]
  0x000001f3dced3d70 JavaThread "C1 CompilerThread0" daemon [_thread_blocked, id=14796, stack(0x000000438e500000,0x000000438e600000)]
  0x000001f3dced4290 JavaThread "Sweeper thread" daemon [_thread_blocked, id=14040, stack(0x000000438e600000,0x000000438e700000)]
  0x000001f3dd7aba30 JavaThread "Notification Thread" daemon [_thread_blocked, id=14520, stack(0x000000438e800000,0x000000438e900000)]
  0x000001f3dd7b1730 JavaThread "Common-Cleaner" daemon [_thread_blocked, id=22644, stack(0x000000438ea00000,0x000000438eb00000)]
  0x000001f423330a40 JavaThread "surefire-forkedjvm-stream-flusher" daemon [_thread_blocked, id=3108, stack(0x000000438ed00000,0x000000438ee00000)]
  0x000001f4233c7a40 JavaThread "surefire-forkedjvm-command-thread" daemon [_thread_in_native, id=15992, stack(0x000000438ee00000,0x000000438ef00000)]
  0x000001f425b37a90 JavaThread "mysql-cj-abandoned-connection-cleanup" daemon [_thread_blocked, id=21260, stack(0x000000438f000000,0x000000438f100000)]
  0x000001f425b37580 JavaThread "HikariPool-1:housekeeper" daemon [_thread_blocked, id=11872, stack(0x000000438f700000,0x000000438f800000)]
  0x000001f425bd4520 JavaThread "C2 CompilerThread1" daemon [_thread_in_native, id=24544, stack(0x000000438e700000,0x000000438e800000)]

Other Threads:
  0x000001f3dce9e350 VMThread "VM Thread" [stack: 0x000000438dd00000,0x000000438de00000] [id=7628]
  0x000001f3ba02bce0 WatcherThread [stack: 0x000000438e900000,0x000000438ea00000] [id=18216]
  0x000001f3b9ff40b0 GCTaskThread "GC Thread#0" [stack: 0x000000438d800000,0x000000438d900000] [id=27984]
  0x000001f424cd06c0 GCTaskThread "GC Thread#1" [stack: 0x000000438f100000,0x000000438f200000] [id=17400]
  0x000001f4245e9200 GCTaskThread "GC Thread#2" [stack: 0x000000438f200000,0x000000438f300000] [id=20176]
  0x000001f4245e94c0 GCTaskThread "GC Thread#3" [stack: 0x000000438f300000,0x000000438f400000] [id=20816]
  0x000001f4245e9780 GCTaskThread "GC Thread#4" [stack: 0x000000438f400000,0x000000438f500000] [id=23664]
  0x000001f4245e9a40 GCTaskThread "GC Thread#5" [stack: 0x000000438f500000,0x000000438f600000] [id=6900]
  0x000001f42450b010 GCTaskThread "GC Thread#6" [stack: 0x000000438f600000,0x000000438f700000] [id=26036]
  0x000001f424c98440 GCTaskThread "GC Thread#7" [stack: 0x000000438fb00000,0x000000438fc00000] [id=27104]
  0x000001f4245e6290 GCTaskThread "GC Thread#8" [stack: 0x000000438fc00000,0x000000438fd00000] [id=23532]
  0x000001f425798790 GCTaskThread "GC Thread#9" [stack: 0x000000438fd00000,0x000000438fe00000] [id=28108]
  0x000001f424b23cf0 GCTaskThread "GC Thread#10" [stack: 0x000000438fe00000,0x000000438ff00000] [id=20828]
  0x000001f42588fa70 GCTaskThread "GC Thread#11" [stack: 0x000000438ff00000,0x0000004390000000] [id=10916]
  0x000001f42588ef20 GCTaskThread "GC Thread#12" [stack: 0x0000004390000000,0x0000004390100000] [id=13436]
  0x000001f3ba005960 ConcurrentGCThread "G1 Main Marker" [stack: 0x000000438d900000,0x000000438da00000] [id=28224]
  0x000001f3ba006280 ConcurrentGCThread "G1 Conc#0" [stack: 0x000000438da00000,0x000000438db00000] [id=23812]
  0x000001f424c2a330 ConcurrentGCThread "G1 Conc#1" [stack: 0x0000004390100000,0x0000004390200000] [id=25152]
  0x000001f424c2a5f0 ConcurrentGCThread "G1 Conc#2" [stack: 0x0000004390200000,0x0000004390300000] [id=23248]
  0x000001f3dcdd7670 ConcurrentGCThread "G1 Refine#0" [stack: 0x000000438db00000,0x000000438dc00000] [id=20248]
  0x000001f3dcddc990 ConcurrentGCThread "G1 Service" [stack: 0x000000438dc00000,0x000000438dd00000] [id=2164]

Threads with active compile tasks:
C2 CompilerThread0    32311 8393 % !   4       org.springframework.beans.factory.support.DefaultListableBeanFactory::doGetBeanNamesForType @ 20 (527 bytes)
C2 CompilerThread1    32311 8442       4       org.springframework.core.annotation.TypeMappedAnnotations$IsPresent::doWithAnnotations (10 bytes)

VM state: not at safepoint (normal execution)

VM Mutex/Monitor currently owned by a thread: None

Heap address: 0x0000000705c00000, size: 4004 MB, Compressed Oops mode: Zero based, Oop shift amount: 3

CDS archive(s) mapped at: [0x000001f3de000000-0x000001f3debd0000-0x000001f3debd0000), size 12386304, SharedBaseAddress: 0x000001f3de000000, ArchiveRelocationMode: 1.
Compressed class space mapped at: 0x000001f3df000000-0x000001f41f000000, reserved size: 1073741824
Narrow klass base: 0x000001f3de000000, Narrow klass shift: 0, Narrow klass range: 0x100000000

GC Precious Log:
 CPUs: 16 total, 16 available
 Memory: 16010M
 Large Page Support: Disabled
 NUMA Support: Disabled
 Compressed Oops: Enabled (Zero based)
 Heap Region Size: 2M
 Heap Min Capacity: 8M
 Heap Initial Capacity: 252M
 Heap Max Capacity: 4004M
 Pre-touch: Disabled
 Parallel Workers: 13
 Concurrent Workers: 3
 Concurrent Refinement Workers: 13
 Periodic GC: Disabled

Heap:
 garbage-first heap   total 155648K, used 67664K [0x0000000705c00000, 0x0000000800000000)
  region size 2048K, 16 young (32768K), 1 survivors (2048K)
 Metaspace       used 82127K, committed 82688K, reserved 1179648K
  class space    used 11578K, committed 11840K, reserved 1048576K

Heap Regions: E=young(eden), S=young(survivor), O=old, HS=humongous(starts), HC=humongous(continues), CS=collection set, F=free, OA=open archive, CA=closed archive, TAMS=top-at-mark-start (previous, next)
|   0|0x0000000705c00000, 0x0000000705e00000, 0x0000000705e00000|100%| O|  |TAMS 0x0000000705e00000, 0x0000000705c00000| Untracked 
|   1|0x0000000705e00000, 0x0000000706000000, 0x0000000706000000|100%| O|  |TAMS 0x0000000706000000, 0x0000000705e00000| Untracked 
|   2|0x0000000706000000, 0x0000000706200000, 0x0000000706200000|100%| O|  |TAMS 0x0000000706200000, 0x0000000706000000| Untracked 
|   3|0x0000000706200000, 0x0000000706400000, 0x0000000706400000|100%| O|  |TAMS 0x0000000706400000, 0x0000000706200000| Untracked 
|   4|0x0000000706400000, 0x0000000706599200, 0x0000000706600000| 79%| O|  |TAMS 0x0000000706599200, 0x0000000706400000| Untracked 
|   5|0x0000000706600000, 0x0000000706800000, 0x0000000706800000|100%| O|  |TAMS 0x0000000706800000, 0x0000000706600000| Untracked 
|   6|0x0000000706800000, 0x0000000706a00000, 0x0000000706a00000|100%| O|  |TAMS 0x0000000706a00000, 0x0000000706800000| Untracked 
|   7|0x0000000706a00000, 0x0000000706c00000, 0x0000000706c00000|100%| O|  |TAMS 0x0000000706c00000, 0x0000000706a00000| Untracked 
|   8|0x0000000706c00000, 0x0000000706d7ac00, 0x0000000706e00000| 73%| O|  |TAMS 0x0000000706d7ac00, 0x0000000706c00000| Untracked 
|   9|0x0000000706e00000, 0x0000000707000000, 0x0000000707000000|100%| O|  |TAMS 0x0000000707000000, 0x0000000706e00000| Untracked 
|  10|0x0000000707000000, 0x0000000707200000, 0x0000000707200000|100%| O|  |TAMS 0x0000000707200000, 0x0000000707000000| Untracked 
|  11|0x0000000707200000, 0x0000000707400000, 0x0000000707400000|100%| O|  |TAMS 0x000000070737f600, 0x0000000707200000| Untracked 
|  12|0x0000000707400000, 0x0000000707600000, 0x0000000707600000|100%| O|  |TAMS 0x0000000707400000, 0x0000000707400000| Untracked 
|  13|0x0000000707600000, 0x0000000707800000, 0x0000000707800000|100%| O|  |TAMS 0x0000000707600000, 0x0000000707600000| Untracked 
|  14|0x0000000707800000, 0x0000000707a00000, 0x0000000707a00000|100%| O|  |TAMS 0x0000000707800000, 0x0000000707800000| Untracked 
|  15|0x0000000707a00000, 0x0000000707c00000, 0x0000000707c00000|100%| O|  |TAMS 0x0000000707a00000, 0x0000000707a00000| Untracked 
|  16|0x0000000707c00000, 0x0000000707e00000, 0x0000000707e00000|100%| O|  |TAMS 0x0000000707c00000, 0x0000000707c00000| Untracked 
|  17|0x0000000707e00000, 0x0000000708000000, 0x0000000708000000|100%| O|  |TAMS 0x0000000707e00000, 0x0000000707e00000| Untracked 
|  18|0x0000000708000000, 0x0000000708200000, 0x0000000708200000|100%| O|  |TAMS 0x0000000708000000, 0x0000000708000000| Untracked 
|  19|0x0000000708200000, 0x0000000708200000, 0x0000000708400000|  0%| F|  |TAMS 0x0000000708200000, 0x0000000708200000| Untracked 
|  20|0x0000000708400000, 0x0000000708400000, 0x0000000708600000|  0%| F|  |TAMS 0x0000000708400000, 0x0000000708400000| Untracked 
|  21|0x0000000708600000, 0x0000000708600000, 0x0000000708800000|  0%| F|  |TAMS 0x0000000708600000, 0x0000000708600000| Untracked 
|  22|0x0000000708800000, 0x0000000708800000, 0x0000000708a00000|  0%| F|  |TAMS 0x0000000708800000, 0x0000000708800000| Untracked 
|  23|0x0000000708a00000, 0x0000000708a00000, 0x0000000708c00000|  0%| F|  |TAMS 0x0000000708a00000, 0x0000000708a00000| Untracked 
|  24|0x0000000708c00000, 0x0000000708c00000, 0x0000000708e00000|  0%| F|  |TAMS 0x0000000708c00000, 0x0000000708c00000| Untracked 
|  25|0x0000000708e00000, 0x0000000708e00000, 0x0000000709000000|  0%| F|  |TAMS 0x0000000708e00000, 0x0000000708e00000| Untracked 
|  26|0x0000000709000000, 0x0000000709000000, 0x0000000709200000|  0%| F|  |TAMS 0x0000000709000000, 0x0000000709000000| Untracked 
|  27|0x0000000709200000, 0x0000000709200000, 0x0000000709400000|  0%| F|  |TAMS 0x0000000709200000, 0x0000000709200000| Untracked 
|  28|0x0000000709400000, 0x0000000709400000, 0x0000000709600000|  0%| F|  |TAMS 0x0000000709400000, 0x0000000709400000| Untracked 
|  29|0x0000000709600000, 0x0000000709600000, 0x0000000709800000|  0%| F|  |TAMS 0x0000000709600000, 0x0000000709600000| Untracked 
|  30|0x0000000709800000, 0x0000000709800000, 0x0000000709a00000|  0%| F|  |TAMS 0x0000000709800000, 0x0000000709800000| Untracked 
|  31|0x0000000709a00000, 0x0000000709b003a0, 0x0000000709c00000| 50%| S|CS|TAMS 0x0000000709a00000, 0x0000000709a00000| Complete 
|  32|0x0000000709c00000, 0x0000000709c00000, 0x0000000709e00000|  0%| F|  |TAMS 0x0000000709c00000, 0x0000000709c00000| Untracked 
|  33|0x0000000709e00000, 0x0000000709e00000, 0x000000070a000000|  0%| F|  |TAMS 0x0000000709e00000, 0x0000000709e00000| Untracked 
|  34|0x000000070a000000, 0x000000070a000000, 0x000000070a200000|  0%| F|  |TAMS 0x000000070a000000, 0x000000070a000000| Untracked 
|  35|0x000000070a200000, 0x000000070a200000, 0x000000070a400000|  0%| F|  |TAMS 0x000000070a200000, 0x000000070a200000| Untracked 
|  36|0x000000070a400000, 0x000000070a400000, 0x000000070a600000|  0%| F|  |TAMS 0x000000070a400000, 0x000000070a400000| Untracked 
|  37|0x000000070a600000, 0x000000070a600000, 0x000000070a800000|  0%| F|  |TAMS 0x000000070a600000, 0x000000070a600000| Untracked 
|  38|0x000000070a800000, 0x000000070a800000, 0x000000070aa00000|  0%| F|  |TAMS 0x000000070a800000, 0x000000070a800000| Untracked 
|  39|0x000000070aa00000, 0x000000070aa00000, 0x000000070ac00000|  0%| F|  |TAMS 0x000000070aa00000, 0x000000070aa00000| Untracked 
|  40|0x000000070ac00000, 0x000000070ac00000, 0x000000070ae00000|  0%| F|  |TAMS 0x000000070ac00000, 0x000000070ac00000| Untracked 
|  41|0x000000070ae00000, 0x000000070ae00000, 0x000000070b000000|  0%| F|  |TAMS 0x000000070ae00000, 0x000000070ae00000| Untracked 
|  42|0x000000070b000000, 0x000000070b000000, 0x000000070b200000|  0%| F|  |TAMS 0x000000070b000000, 0x000000070b000000| Untracked 
|  43|0x000000070b200000, 0x000000070b200000, 0x000000070b400000|  0%| F|  |TAMS 0x000000070b200000, 0x000000070b200000| Untracked 
|  44|0x000000070b400000, 0x000000070b400000, 0x000000070b600000|  0%| F|  |TAMS 0x000000070b400000, 0x000000070b400000| Untracked 
|  45|0x000000070b600000, 0x000000070b600000, 0x000000070b800000|  0%| F|  |TAMS 0x000000070b600000, 0x000000070b600000| Untracked 
|  46|0x000000070b800000, 0x000000070b800000, 0x000000070ba00000|  0%| F|  |TAMS 0x000000070b800000, 0x000000070b800000| Untracked 
|  47|0x000000070ba00000, 0x000000070ba00000, 0x000000070bc00000|  0%| F|  |TAMS 0x000000070ba00000, 0x000000070ba00000| Untracked 
|  48|0x000000070bc00000, 0x000000070bc00000, 0x000000070be00000|  0%| F|  |TAMS 0x000000070bc00000, 0x000000070bc00000| Untracked 
|  49|0x000000070be00000, 0x000000070be00000, 0x000000070c000000|  0%| F|  |TAMS 0x000000070be00000, 0x000000070be00000| Untracked 
|  50|0x000000070c000000, 0x000000070c000000, 0x000000070c200000|  0%| F|  |TAMS 0x000000070c000000, 0x000000070c000000| Untracked 
|  51|0x000000070c200000, 0x000000070c200000, 0x000000070c400000|  0%| F|  |TAMS 0x000000070c200000, 0x000000070c200000| Untracked 
|  52|0x000000070c400000, 0x000000070c400000, 0x000000070c600000|  0%| F|  |TAMS 0x000000070c400000, 0x000000070c400000| Untracked 
|  53|0x000000070c600000, 0x000000070c600000, 0x000000070c800000|  0%| F|  |TAMS 0x000000070c600000, 0x000000070c600000| Untracked 
|  54|0x000000070c800000, 0x000000070c800000, 0x000000070ca00000|  0%| F|  |TAMS 0x000000070c800000, 0x000000070c800000| Untracked 
|  55|0x000000070ca00000, 0x000000070ca00000, 0x000000070cc00000|  0%| F|  |TAMS 0x000000070ca00000, 0x000000070ca00000| Untracked 
|  56|0x000000070cc00000, 0x000000070cc00000, 0x000000070ce00000|  0%| F|  |TAMS 0x000000070cc00000, 0x000000070cc00000| Untracked 
|  57|0x000000070ce00000, 0x000000070ce00000, 0x000000070d000000|  0%| F|  |TAMS 0x000000070ce00000, 0x000000070ce00000| Untracked 
|  58|0x000000070d000000, 0x000000070d000000, 0x000000070d200000|  0%| F|  |TAMS 0x000000070d000000, 0x000000070d000000| Untracked 
|  59|0x000000070d200000, 0x000000070d200000, 0x000000070d400000|  0%| F|  |TAMS 0x000000070d200000, 0x000000070d200000| Untracked 
|  60|0x000000070d400000, 0x000000070d400000, 0x000000070d600000|  0%| F|  |TAMS 0x000000070d400000, 0x000000070d400000| Untracked 
|  61|0x000000070d600000, 0x000000070d800000, 0x000000070d800000|100%| E|  |TAMS 0x000000070d600000, 0x000000070d600000| Complete 
|  62|0x000000070d800000, 0x000000070da00000, 0x000000070da00000|100%| E|CS|TAMS 0x000000070d800000, 0x000000070d800000| Complete 
|  63|0x000000070da00000, 0x000000070dc00000, 0x000000070dc00000|100%| E|CS|TAMS 0x000000070da00000, 0x000000070da00000| Complete 
|  64|0x000000070dc00000, 0x000000070de00000, 0x000000070de00000|100%| E|CS|TAMS 0x000000070dc00000, 0x000000070dc00000| Complete 
|  65|0x000000070de00000, 0x000000070e000000, 0x000000070e000000|100%| E|CS|TAMS 0x000000070de00000, 0x000000070de00000| Complete 
|  66|0x000000070e000000, 0x000000070e200000, 0x000000070e200000|100%| E|CS|TAMS 0x000000070e000000, 0x000000070e000000| Complete 
|  67|0x000000070e200000, 0x000000070e400000, 0x000000070e400000|100%| E|CS|TAMS 0x000000070e200000, 0x000000070e200000| Complete 
|  68|0x000000070e400000, 0x000000070e600000, 0x000000070e600000|100%| E|CS|TAMS 0x000000070e400000, 0x000000070e400000| Complete 
|  69|0x000000070e600000, 0x000000070e800000, 0x000000070e800000|100%| E|CS|TAMS 0x000000070e600000, 0x000000070e600000| Complete 
|  70|0x000000070e800000, 0x000000070ea00000, 0x000000070ea00000|100%| E|CS|TAMS 0x000000070e800000, 0x000000070e800000| Complete 
|  71|0x000000070ea00000, 0x000000070ec00000, 0x000000070ec00000|100%| E|CS|TAMS 0x000000070ea00000, 0x000000070ea00000| Complete 
|  72|0x000000070ec00000, 0x000000070ee00000, 0x000000070ee00000|100%| E|CS|TAMS 0x000000070ec00000, 0x000000070ec00000| Complete 
|  73|0x000000070ee00000, 0x000000070f000000, 0x000000070f000000|100%| E|CS|TAMS 0x000000070ee00000, 0x000000070ee00000| Complete 
|  74|0x000000070f000000, 0x000000070f200000, 0x000000070f200000|100%| E|CS|TAMS 0x000000070f000000, 0x000000070f000000| Complete 
| 125|0x0000000715600000, 0x0000000715800000, 0x0000000715800000|100%| E|CS|TAMS 0x0000000715600000, 0x0000000715600000| Complete 

Card table byte_map: [0x000001f3d18a0000,0x000001f3d2080000] _byte_map_base: 0x000001f3ce072000

Marking Bits (Prev, Next): (CMBitMap*) 0x000001f3b9ff5630, (CMBitMap*) 0x000001f3b9ff55f0
 Prev Bits: [0x000001f3d66f0000, 0x000001f3da580000)
 Next Bits: [0x000001f3d2860000, 0x000001f3d66f0000)

Polling page: 0x000001f3b80e0000

Metaspace:

Usage:
  Non-class:     68.90 MB used.
      Class:     11.31 MB used.
       Both:     80.20 MB used.

Virtual space:
  Non-class space:      128.00 MB reserved,      69.19 MB ( 54%) committed,  2 nodes.
      Class space:        1.00 GB reserved,      11.56 MB (  1%) committed,  1 nodes.
             Both:        1.12 GB reserved,      80.75 MB (  7%) committed. 

Chunk freelists:
   Non-Class:  10.22 MB
       Class:  4.44 MB
        Both:  14.66 MB

MaxMetaspaceSize: unlimited
CompressedClassSpaceSize: 1.00 GB
Initial GC threshold: 21.00 MB
Current GC threshold: 98.69 MB
CDS: on
MetaspaceReclaimPolicy: balanced
 - commit_granule_bytes: 65536.
 - commit_granule_words: 8192.
 - virtual_space_node_default_size: 8388608.
 - enlarge_chunks_in_place: 1.
 - new_chunks_are_fully_committed: 0.
 - uncommit_free_chunks: 1.
 - use_allocation_guard: 0.
 - handle_deallocations: 1.


Internal statistics:

num_allocs_failed_limit: 11.
num_arena_births: 886.
num_arena_deaths: 0.
num_vsnodes_births: 3.
num_vsnodes_deaths: 0.
num_space_committed: 1292.
num_space_uncommitted: 0.
num_chunks_returned_to_freelist: 11.
num_chunks_taken_from_freelist: 3964.
num_chunk_merges: 8.
num_chunk_splits: 2906.
num_chunks_enlarged: 2294.
num_inconsistent_stats: 0.

CodeHeap 'non-profiled nmethods': size=119168Kb used=5001Kb max_used=5899Kb free=114166Kb
 bounds [0x000001f3c93d0000, 0x000001f3c99a0000, 0x000001f3d0830000]
CodeHeap 'profiled nmethods': size=119104Kb used=13825Kb max_used=15224Kb free=105278Kb
 bounds [0x000001f3c1830000, 0x000001f3c2710000, 0x000001f3c8c80000]
CodeHeap 'non-nmethods': size=7488Kb used=1366Kb max_used=3137Kb free=6121Kb
 bounds [0x000001f3c8c80000, 0x000001f3c8fa0000, 0x000001f3c93d0000]
 total_blobs=7820 nmethods=7122 adapters=609
 compilation: enabled
              stopped_count=0, restarted_count=0
 full_count=0

Compilation events (20 events):
Event: 16.674 Thread 0x000001f3dced3d70 8396  s    3       java.io.BufferedOutputStream::write (67 bytes)
Event: 16.690 Thread 0x000001f3dced3d70 nmethod 8396 0x000001f3c1c89690 code [0x000001f3c1c898a0, 0x000001f3c1c8a018]
Event: 16.690 Thread 0x000001f3dced3d70 8398       3       org.springframework.core.MethodParameter::withContainingClass (17 bytes)
Event: 16.690 Thread 0x000001f3dced3d70 nmethod 8398 0x000001f3c1a9b890 code [0x000001f3c1a9ba40, 0x000001f3c1a9bdc8]
Event: 16.692 Thread 0x000001f3dced3d70 8401       3       org.springframework.boot.context.properties.source.ConfigurationPropertyName$$Lambda$743/0x000001f3df218cd0::apply (9 bytes)
Event: 16.693 Thread 0x000001f3dced3d70 nmethod 8401 0x000001f3c18d7590 code [0x000001f3c18d7740, 0x000001f3c18d7938]
Event: 16.693 Thread 0x000001f3dced3d70 8402       3       org.springframework.boot.context.properties.source.ConfigurationPropertyName::lambda$asSystemEnvironmentLegacyName$0 (16 bytes)
Event: 16.693 Thread 0x000001f3dced3d70 nmethod 8402 0x000001f3c1a5b010 code [0x000001f3c1a5b1c0, 0x000001f3c1a5b358]
Event: 16.693 Thread 0x000001f3dced3d70 8404       3       org.springframework.boot.context.properties.bind.Binder$Context::getConverter (8 bytes)
Event: 16.693 Thread 0x000001f3dced3d70 nmethod 8404 0x000001f3c19a6d10 code [0x000001f3c19a6ea0, 0x000001f3c19a6fb8]
Event: 16.694 Thread 0x000001f3dced3d70 8405       3       org.springframework.util.CollectionUtils::computeInitialCapacity (11 bytes)
Event: 16.694 Thread 0x000001f3dced3d70 nmethod 8405 0x000001f3c196a190 code [0x000001f3c196a360, 0x000001f3c196a508]
Event: 17.815 Thread 0x000001f3dced3d70 8406       3       org.springframework.boot.context.properties.bind.JavaBeanBinder$BeanProperties::isCandidate (83 bytes)
Event: 17.816 Thread 0x000001f3dced3d70 nmethod 8406 0x000001f3c1c91990 code [0x000001f3c1c91be0, 0x000001f3c1c92838]
Event: 17.816 Thread 0x000001f3dced3d70 8407       3       org.springframework.boot.context.properties.bind.BindConverter::convert (25 bytes)
Event: 17.816 Thread 0x000001f3dced3d70 nmethod 8407 0x000001f3c1a15710 code [0x000001f3c1a15900, 0x000001f3c1a15d28]
Event: 17.816 Thread 0x000001f3dced3d70 8408       3       org.springframework.boot.context.properties.bind.BindConverter::convert (14 bytes)
Event: 17.816 Thread 0x000001f3dced3d70 nmethod 8408 0x000001f3c1b86a10 code [0x000001f3c1b86bc0, 0x000001f3c1b86d48]
Event: 17.816 Thread 0x000001f3dced3d70 8409       3       org.springframework.core.MethodParameter::computeParameterType (59 bytes)
Event: 17.816 Thread 0x000001f3dced3d70 nmethod 8409 0x000001f3c1c05310 code [0x000001f3c1c05500, 0x000001f3c1c05b48]

GC Heap History (20 events):
Event: 3.508 GC heap before
{Heap before GC invocations=8 (full 0):
 garbage-first heap   total 159744K, used 59397K [0x0000000705c00000, 0x0000000800000000)
  region size 2048K, 22 young (45056K), 2 survivors (4096K)
 Metaspace       used 35657K, committed 36096K, reserved 1114112K
  class space    used 4779K, committed 4992K, reserved 1048576K
}
Event: 3.515 GC heap after
{Heap after GC invocations=9 (full 0):
 garbage-first heap   total 159744K, used 23384K [0x0000000705c00000, 0x0000000800000000)
  region size 2048K, 3 young (6144K), 3 survivors (6144K)
 Metaspace       used 35657K, committed 36096K, reserved 1114112K
  class space    used 4779K, committed 4992K, reserved 1048576K
}
Event: 4.944 GC heap before
{Heap before GC invocations=10 (full 0):
 garbage-first heap   total 90112K, used 70488K [0x0000000705c00000, 0x0000000800000000)
  region size 2048K, 26 young (53248K), 3 survivors (6144K)
 Metaspace       used 44378K, committed 44864K, reserved 1114112K
  class space    used 6307K, committed 6528K, reserved 1048576K
}
Event: 4.954 GC heap after
{Heap after GC invocations=11 (full 0):
 garbage-first heap   total 90112K, used 26201K [0x0000000705c00000, 0x0000000800000000)
  region size 2048K, 3 young (6144K), 3 survivors (6144K)
 Metaspace       used 44378K, committed 44864K, reserved 1114112K
  class space    used 6307K, committed 6528K, reserved 1048576K
}
Event: 5.387 GC heap before
{Heap before GC invocations=11 (full 0):
 garbage-first heap   total 90112K, used 67161K [0x0000000705c00000, 0x0000000800000000)
  region size 2048K, 23 young (47104K), 3 survivors (6144K)
 Metaspace       used 55200K, committed 55744K, reserved 1114112K
  class space    used 7533K, committed 7808K, reserved 1048576K
}
Event: 5.395 GC heap after
{Heap after GC invocations=12 (full 0):
 garbage-first heap   total 90112K, used 28318K [0x0000000705c00000, 0x0000000800000000)
  region size 2048K, 3 young (6144K), 3 survivors (6144K)
 Metaspace       used 55200K, committed 55744K, reserved 1114112K
  class space    used 7533K, committed 7808K, reserved 1048576K
}
Event: 5.604 GC heap before
{Heap before GC invocations=12 (full 0):
 garbage-first heap   total 90112K, used 48798K [0x0000000705c00000, 0x0000000800000000)
  region size 2048K, 14 young (28672K), 3 survivors (6144K)
 Metaspace       used 59804K, committed 60288K, reserved 1114112K
  class space    used 8061K, committed 8320K, reserved 1048576K
}
Event: 5.610 GC heap after
{Heap after GC invocations=13 (full 0):
 garbage-first heap   total 90112K, used 29125K [0x0000000705c00000, 0x0000000800000000)
  region size 2048K, 2 young (4096K), 2 survivors (4096K)
 Metaspace       used 59804K, committed 60288K, reserved 1114112K
  class space    used 8061K, committed 8320K, reserved 1048576K
}
Event: 6.482 GC heap before
{Heap before GC invocations=14 (full 0):
 garbage-first heap   total 90112K, used 70085K [0x0000000705c00000, 0x0000000800000000)
  region size 2048K, 22 young (45056K), 2 survivors (4096K)
 Metaspace       used 66840K, committed 67392K, reserved 1114112K
  class space    used 9269K, committed 9536K, reserved 1048576K
}
Event: 6.492 GC heap after
{Heap after GC invocations=15 (full 0):
 garbage-first heap   total 90112K, used 30369K [0x0000000705c00000, 0x0000000800000000)
  region size 2048K, 3 young (6144K), 3 survivors (6144K)
 Metaspace       used 66840K, committed 67392K, reserved 1114112K
  class space    used 9269K, committed 9536K, reserved 1048576K
}
Event: 7.256 GC heap before
{Heap before GC invocations=15 (full 0):
 garbage-first heap   total 90112K, used 69281K [0x0000000705c00000, 0x0000000800000000)
  region size 2048K, 22 young (45056K), 3 survivors (6144K)
 Metaspace       used 71633K, committed 72192K, reserved 1114112K
  class space    used 9862K, committed 10112K, reserved 1048576K
}
Event: 7.272 GC heap after
{Heap after GC invocations=16 (full 0):
 garbage-first heap   total 108544K, used 32774K [0x0000000705c00000, 0x0000000800000000)
  region size 2048K, 3 young (6144K), 3 survivors (6144K)
 Metaspace       used 71633K, committed 72192K, reserved 1114112K
  class space    used 9862K, committed 10112K, reserved 1048576K
}
Event: 8.724 GC heap before
{Heap before GC invocations=16 (full 0):
 garbage-first heap   total 108544K, used 81926K [0x0000000705c00000, 0x0000000800000000)
  region size 2048K, 28 young (57344K), 3 survivors (6144K)
 Metaspace       used 77298K, committed 77888K, reserved 1179648K
  class space    used 10939K, committed 11200K, reserved 1048576K
}
Event: 8.748 GC heap after
{Heap after GC invocations=17 (full 0):
 garbage-first heap   total 108544K, used 36185K [0x0000000705c00000, 0x0000000800000000)
  region size 2048K, 4 young (8192K), 4 survivors (8192K)
 Metaspace       used 77298K, committed 77888K, reserved 1179648K
  class space    used 10939K, committed 11200K, reserved 1048576K
}
Event: 10.067 GC heap before
{Heap before GC invocations=17 (full 0):
 garbage-first heap   total 108544K, used 83289K [0x0000000705c00000, 0x0000000800000000)
  region size 2048K, 27 young (55296K), 4 survivors (8192K)
 Metaspace       used 79890K, committed 80448K, reserved 1179648K
  class space    used 11329K, committed 11584K, reserved 1048576K
}
Event: 10.104 GC heap after
{Heap after GC invocations=18 (full 0):
 garbage-first heap   total 108544K, used 38350K [0x0000000705c00000, 0x0000000800000000)
  region size 2048K, 3 young (6144K), 3 survivors (6144K)
 Metaspace       used 79890K, committed 80448K, reserved 1179648K
  class space    used 11329K, committed 11584K, reserved 1048576K
}
Event: 10.336 GC heap before
{Heap before GC invocations=18 (full 0):
 garbage-first heap   total 108544K, used 85454K [0x0000000705c00000, 0x0000000800000000)
  region size 2048K, 26 young (53248K), 3 survivors (6144K)
 Metaspace       used 79893K, committed 80448K, reserved 1179648K
  class space    used 11329K, committed 11584K, reserved 1048576K
}
Event: 10.364 GC heap after
{Heap after GC invocations=19 (full 0):
 garbage-first heap   total 108544K, used 41090K [0x0000000705c00000, 0x0000000800000000)
  region size 2048K, 3 young (6144K), 3 survivors (6144K)
 Metaspace       used 79893K, committed 80448K, reserved 1179648K
  class space    used 11329K, committed 11584K, reserved 1048576K
}
Event: 10.857 GC heap before
{Heap before GC invocations=19 (full 0):
 garbage-first heap   total 108544K, used 84098K [0x0000000705c00000, 0x0000000800000000)
  region size 2048K, 24 young (49152K), 3 survivors (6144K)
 Metaspace       used 80024K, committed 80576K, reserved 1179648K
  class space    used 11343K, committed 11584K, reserved 1048576K
}
Event: 10.871 GC heap after
{Heap after GC invocations=20 (full 0):
 garbage-first heap   total 155648K, used 38992K [0x0000000705c00000, 0x0000000800000000)
  region size 2048K, 1 young (2048K), 1 survivors (2048K)
 Metaspace       used 80024K, committed 80576K, reserved 1179648K
  class space    used 11343K, committed 11584K, reserved 1048576K
}

Deoptimization events (20 events):
Event: 13.860 Thread 0x000001f3b9f84d50 Uncommon trap: trap_request=0xffffff45 fr.pc=0x000001f3c992e824 relative=0x0000000000000fe4
Event: 13.860 Thread 0x000001f3b9f84d50 Uncommon trap: reason=unstable_if action=reinterpret pc=0x000001f3c992e824 method=org.springframework.aop.support.annotation.AnnotationMethodMatcher.matches(Ljava/lang/reflect/Method;Ljava/lang/Class;)Z @ 5 c2
Event: 13.860 Thread 0x000001f3b9f84d50 DEOPT PACKING pc=0x000001f3c992e824 sp=0x000000438d7f98a0
Event: 13.860 Thread 0x000001f3b9f84d50 DEOPT UNPACKING pc=0x000001f3c8cd23a3 sp=0x000000438d7f98b8 mode 2
Event: 16.692 Thread 0x000001f3b9f84d50 Uncommon trap: trap_request=0xffffff66 fr.pc=0x000001f3c940bd78 relative=0x00000000000000d8
Event: 16.692 Thread 0x000001f3b9f84d50 Uncommon trap: reason=speculate_class_check action=maybe_recompile pc=0x000001f3c940bd78 method=java.lang.invoke.LambdaForm$MH/0x000001f3df0b4800.invoke(Ljava/lang/Object;Ljava/lang/Object;)Ljava/lang/Object; @ 24 c2
Event: 16.692 Thread 0x000001f3b9f84d50 DEOPT PACKING pc=0x000001f3c940bd78 sp=0x000000438d7f5c70
Event: 16.692 Thread 0x000001f3b9f84d50 DEOPT UNPACKING pc=0x000001f3c8cd23a3 sp=0x000000438d7f5bc0 mode 2
Event: 16.692 Thread 0x000001f3b9f84d50 Uncommon trap: trap_request=0xffffff66 fr.pc=0x000001f3c940bd78 relative=0x00000000000000d8
Event: 16.692 Thread 0x000001f3b9f84d50 Uncommon trap: reason=speculate_class_check action=maybe_recompile pc=0x000001f3c940bd78 method=java.lang.invoke.LambdaForm$MH/0x000001f3df0b4800.invoke(Ljava/lang/Object;Ljava/lang/Object;)Ljava/lang/Object; @ 24 c2
Event: 16.692 Thread 0x000001f3b9f84d50 DEOPT PACKING pc=0x000001f3c940bd78 sp=0x000000438d7f5bd0
Event: 16.692 Thread 0x000001f3b9f84d50 DEOPT UNPACKING pc=0x000001f3c8cd23a3 sp=0x000000438d7f5b20 mode 2
Event: 17.815 Thread 0x000001f3b9f84d50 Uncommon trap: trap_request=0xffffff66 fr.pc=0x000001f3c940bd78 relative=0x00000000000000d8
Event: 17.815 Thread 0x000001f3b9f84d50 Uncommon trap: reason=speculate_class_check action=maybe_recompile pc=0x000001f3c940bd78 method=java.lang.invoke.LambdaForm$MH/0x000001f3df0b4800.invoke(Ljava/lang/Object;Ljava/lang/Object;)Ljava/lang/Object; @ 24 c2
Event: 17.815 Thread 0x000001f3b9f84d50 DEOPT PACKING pc=0x000001f3c940bd78 sp=0x000000438d7f5c70
Event: 17.815 Thread 0x000001f3b9f84d50 DEOPT UNPACKING pc=0x000001f3c8cd23a3 sp=0x000000438d7f5bc0 mode 2
Event: 17.815 Thread 0x000001f3b9f84d50 Uncommon trap: trap_request=0xffffff66 fr.pc=0x000001f3c940bd78 relative=0x00000000000000d8
Event: 17.815 Thread 0x000001f3b9f84d50 Uncommon trap: reason=speculate_class_check action=maybe_recompile pc=0x000001f3c940bd78 method=java.lang.invoke.LambdaForm$MH/0x000001f3df0b4800.invoke(Ljava/lang/Object;Ljava/lang/Object;)Ljava/lang/Object; @ 24 c2
Event: 17.815 Thread 0x000001f3b9f84d50 DEOPT PACKING pc=0x000001f3c940bd78 sp=0x000000438d7f5bd0
Event: 17.815 Thread 0x000001f3b9f84d50 DEOPT UNPACKING pc=0x000001f3c8cd23a3 sp=0x000000438d7f5b20 mode 2

Classes unloaded (0 events):
No events

Classes redefined (0 events):
No events

Internal exceptions (20 events):
Event: 7.180 Thread 0x000001f3b9f84d50 Exception <a 'sun/nio/fs/WindowsException'{0x0000000709192b88}> (0x0000000709192b88) 
thrown [s\open\src\hotspot\share\prims\jni.cpp, line 516]
Event: 7.182 Thread 0x000001f3b9f84d50 Exception <a 'sun/nio/fs/WindowsException'{0x0000000709196998}> (0x0000000709196998) 
thrown [s\open\src\hotspot\share\prims\jni.cpp, line 516]
Event: 7.222 Thread 0x000001f3b9f84d50 Exception <a 'java/lang/NoSuchMethodError'{0x0000000708f4e378}: 'java.lang.Object java.lang.invoke.DirectMethodHandle$Holder.invokeVirtual(java.lang.Object, java.lang.Object, java.lang.Object, int)'> (0x0000000708f4e378) 
thrown [s\open\src\hotspot\share\interpreter\linkResolver.cpp, line 759]
Event: 7.354 Thread 0x000001f3b9f84d50 Exception <a 'java/lang/NoSuchMethodError'{0x000000070ce0f4d8}: 'int java.lang.invoke.DirectMethodHandle$Holder.invokeStaticInit(java.lang.Object, int, java.lang.Object, java.lang.Object, java.lang.Object, java.lang.Object)'> (0x000000070ce0f4d8) 
thrown [s\open\src\hotspot\share\interpreter\linkResolver.cpp, line 759]
Event: 7.438 Thread 0x000001f3b9f84d50 Implicit null exception at 0x000001f3c95d5994 to 0x000001f3c95d5a00
Event: 7.472 Thread 0x000001f3b9f84d50 Exception <a 'java/lang/reflect/InvocationTargetException'{0x000000070cc1ac70}> (0x000000070cc1ac70) 
thrown [s\open\src\hotspot\share\runtime\reflection.cpp, line 1121]
Event: 7.475 Thread 0x000001f3b9f84d50 Exception <a 'java/lang/reflect/InvocationTargetException'{0x000000070cc264e0}> (0x000000070cc264e0) 
thrown [s\open\src\hotspot\share\runtime\reflection.cpp, line 1121]
Event: 7.710 Thread 0x000001f3b9f84d50 Exception <a 'java/lang/reflect/InvocationTargetException'{0x000000070bac4d98}> (0x000000070bac4d98) 
thrown [s\open\src\hotspot\share\runtime\reflection.cpp, line 1121]
Event: 7.740 Thread 0x000001f3b9f84d50 Exception <a 'java/lang/IncompatibleClassChangeError'{0x000000070bb4a198}: Found class java.lang.Object, but interface was expected> (0x000000070bb4a198) 
thrown [s\open\src\hotspot\share\interpreter\linkResolver.cpp, line 826]
Event: 9.055 Thread 0x000001f3b9f84d50 Exception <a 'java/lang/reflect/InvocationTargetException'{0x000000070cc3e688}> (0x000000070cc3e688) 
thrown [s\open\src\hotspot\share\runtime\reflection.cpp, line 1121]
Event: 9.279 Thread 0x000001f3b9f84d50 Exception <a 'java/lang/reflect/InvocationTargetException'{0x000000070bcd6428}> (0x000000070bcd6428) 
thrown [s\open\src\hotspot\share\runtime\reflection.cpp, line 1121]
Event: 9.381 Thread 0x000001f3b9f84d50 Exception <a 'java/lang/reflect/InvocationTargetException'{0x000000070b8ba758}> (0x000000070b8ba758) 
thrown [s\open\src\hotspot\share\runtime\reflection.cpp, line 1121]
Event: 9.399 Thread 0x000001f3b9f84d50 Exception <a 'java/lang/reflect/InvocationTargetException'{0x000000070b8c8870}> (0x000000070b8c8870) 
thrown [s\open\src\hotspot\share\runtime\reflection.cpp, line 1121]
Event: 9.582 Thread 0x000001f3b9f84d50 Exception <a 'java/lang/reflect/InvocationTargetException'{0x000000070a83b7a0}> (0x000000070a83b7a0) 
thrown [s\open\src\hotspot\share\runtime\reflection.cpp, line 1121]
Event: 9.586 Thread 0x000001f3b9f84d50 Exception <a 'java/lang/reflect/InvocationTargetException'{0x000000070a8444d8}> (0x000000070a8444d8) 
thrown [s\open\src\hotspot\share\runtime\reflection.cpp, line 1121]
Event: 9.591 Thread 0x000001f3b9f84d50 Exception <a 'java/lang/reflect/InvocationTargetException'{0x000000070a850128}> (0x000000070a850128) 
thrown [s\open\src\hotspot\share\runtime\reflection.cpp, line 1121]
Event: 9.595 Thread 0x000001f3b9f84d50 Exception <a 'java/lang/reflect/InvocationTargetException'{0x000000070a85dcd0}> (0x000000070a85dcd0) 
thrown [s\open\src\hotspot\share\runtime\reflection.cpp, line 1121]
Event: 9.973 Thread 0x000001f3b9f84d50 Exception <a 'java/lang/reflect/InvocationTargetException'{0x0000000709d82c78}> (0x0000000709d82c78) 
thrown [s\open\src\hotspot\share\runtime\reflection.cpp, line 1121]
Event: 9.977 Thread 0x000001f3b9f84d50 Exception <a 'java/lang/reflect/InvocationTargetException'{0x0000000709d8b510}> (0x0000000709d8b510) 
thrown [s\open\src\hotspot\share\runtime\reflection.cpp, line 1121]
Event: 9.982 Thread 0x000001f3b9f84d50 Exception <a 'java/lang/reflect/InvocationTargetException'{0x0000000709d97480}> (0x0000000709d97480) 
thrown [s\open\src\hotspot\share\runtime\reflection.cpp, line 1121]

VM Operations (20 events):
Event: 10.744 Executing VM operation: ICBufferFull
Event: 10.744 Executing VM operation: ICBufferFull done
Event: 10.857 Executing VM operation: G1CollectForAllocation
Event: 10.871 Executing VM operation: G1CollectForAllocation done
Event: 11.878 Executing VM operation: Cleanup
Event: 11.878 Executing VM operation: Cleanup done
Event: 13.027 Executing VM operation: HandshakeAllThreads
Event: 13.027 Executing VM operation: HandshakeAllThreads done
Event: 13.027 Executing VM operation: Cleanup
Event: 13.027 Executing VM operation: Cleanup done
Event: 13.275 Executing VM operation: HandshakeAllThreads
Event: 13.275 Executing VM operation: HandshakeAllThreads done
Event: 14.289 Executing VM operation: Cleanup
Event: 14.290 Executing VM operation: Cleanup done
Event: 15.297 Executing VM operation: Cleanup
Event: 15.298 Executing VM operation: Cleanup done
Event: 15.360 Executing VM operation: HandshakeAllThreads
Event: 15.360 Executing VM operation: HandshakeAllThreads done
Event: 17.377 Executing VM operation: Cleanup
Event: 17.377 Executing VM operation: Cleanup done

Events (20 events):
Event: 13.287 Thread 0x000001f3dced4290 flushing nmethod 0x000001f3c255df10
Event: 13.287 Thread 0x000001f3dced4290 flushing nmethod 0x000001f3c2561590
Event: 13.287 Thread 0x000001f3dced4290 flushing nmethod 0x000001f3c2562f10
Event: 13.287 Thread 0x000001f3dced4290 flushing nmethod 0x000001f3c2586810
Event: 13.287 Thread 0x000001f3dced4290 flushing nmethod 0x000001f3c2587410
Event: 13.287 Thread 0x000001f3dced4290 flushing nmethod 0x000001f3c25e4210
Event: 13.287 Thread 0x000001f3dced4290 flushing nmethod 0x000001f3c25e5110
Event: 13.287 Thread 0x000001f3dced4290 flushing nmethod 0x000001f3c25e7410
Event: 13.287 Thread 0x000001f3dced4290 flushing nmethod 0x000001f3c25f6d90
Event: 13.287 Thread 0x000001f3dced4290 flushing nmethod 0x000001f3c260e710
Event: 13.287 Thread 0x000001f3dced4290 flushing nmethod 0x000001f3c2630010
Event: 13.287 Thread 0x000001f3dced4290 flushing nmethod 0x000001f3c2630490
Event: 13.287 Thread 0x000001f3dced4290 flushing nmethod 0x000001f3c2635910
Event: 13.287 Thread 0x000001f3dced4290 flushing nmethod 0x000001f3c268f290
Event: 13.287 Thread 0x000001f3dced4290 flushing nmethod 0x000001f3c269b890
Event: 13.866 Thread 0x000001f425bd3fd0 Thread added: 0x000001f425bd3fd0
Event: 13.923 Thread 0x000001f425bd3a80 Thread added: 0x000001f425bd3a80
Event: 14.063 Thread 0x000001f425bd3a80 Thread exited: 0x000001f425bd3a80
Event: 14.135 Thread 0x000001f425bd3fd0 Thread exited: 0x000001f425bd3fd0
Event: 14.849 Thread 0x000001f3dd67a280 Thread exited: 0x000001f3dd67a280


Dynamic libraries:
0x00007ff603570000 - 0x00007ff603580000 	C:\Program Files\Java\jdk-17.0.12\bin\java.exe
0x00007ffd20680000 - 0x00007ffd208e7000 	C:\WINDOWS\SYSTEM32\ntdll.dll
0x00007ffd1e5b0000 - 0x00007ffd1e679000 	C:\WINDOWS\System32\KERNEL32.DLL
0x00007ffd1d9d0000 - 0x00007ffd1ddc4000 	C:\WINDOWS\System32\KERNELBASE.dll
0x00007ffd1e230000 - 0x00007ffd1e37b000 	C:\WINDOWS\System32\ucrtbase.dll
0x00007ffd0db90000 - 0x00007ffd0dba9000 	C:\Program Files\Java\jdk-17.0.12\bin\jli.dll
0x00007ffd0b060000 - 0x00007ffd0b07b000 	C:\Program Files\Java\jdk-17.0.12\bin\VCRUNTIME140.dll
0x00007ffd20350000 - 0x00007ffd20406000 	C:\WINDOWS\System32\ADVAPI32.dll
0x00007ffd1f780000 - 0x00007ffd1f829000 	C:\WINDOWS\System32\msvcrt.dll
0x00007ffd1f6d0000 - 0x00007ffd1f777000 	C:\WINDOWS\System32\sechost.dll
0x00007ffd1f8b0000 - 0x00007ffd1f9c8000 	C:\WINDOWS\System32\RPCRT4.dll
0x00007ffd1fe90000 - 0x00007ffd20055000 	C:\WINDOWS\System32\USER32.dll
0x00007ffd1d8f0000 - 0x00007ffd1d917000 	C:\WINDOWS\System32\win32u.dll
0x00007ffd05050000 - 0x00007ffd052e3000 	C:\WINDOWS\WinSxS\amd64_microsoft.windows.common-controls_6595b64144ccf1df_6.0.26100.8115_none_3e075c82e3354f9c\COMCTL32.dll
0x00007ffd1e950000 - 0x00007ffd1e97b000 	C:\WINDOWS\System32\GDI32.dll
0x00007ffd1d7c0000 - 0x00007ffd1d8eb000 	C:\WINDOWS\System32\gdi32full.dll
0x00007ffd1d920000 - 0x00007ffd1d9c3000 	C:\WINDOWS\System32\msvcp_win.dll
0x00007ffd0d690000 - 0x00007ffd0d69b000 	C:\WINDOWS\SYSTEM32\VERSION.dll
0x00007ffd1e880000 - 0x00007ffd1e8b2000 	C:\WINDOWS\System32\IMM32.DLL
0x00007ffd0d350000 - 0x00007ffd0d35c000 	C:\Program Files\Java\jdk-17.0.12\bin\vcruntime140_1.dll
0x00007ffcf2940000 - 0x00007ffcf29ce000 	C:\Program Files\Java\jdk-17.0.12\bin\msvcp140.dll
0x00007ffc63e70000 - 0x00007ffc64a50000 	C:\Program Files\Java\jdk-17.0.12\bin\server\jvm.dll
0x00007ffd20060000 - 0x00007ffd20068000 	C:\WINDOWS\System32\PSAPI.DLL
0x00007ffd0c3a0000 - 0x00007ffd0c3aa000 	C:\WINDOWS\SYSTEM32\WSOCK32.dll
0x00007ffd0bd90000 - 0x00007ffd0bdc6000 	C:\WINDOWS\SYSTEM32\WINMM.dll
0x00007ffd1e8c0000 - 0x00007ffd1e940000 	C:\WINDOWS\System32\WS2_32.dll
0x00007ffd1be00000 - 0x00007ffd1be1b000 	C:\WINDOWS\SYSTEM32\kernel.appcore.dll
0x00007ffd0c6a0000 - 0x00007ffd0c6aa000 	C:\Program Files\Java\jdk-17.0.12\bin\jimage.dll
0x00007ffd1a920000 - 0x00007ffd1ab62000 	C:\WINDOWS\SYSTEM32\DBGHELP.DLL
0x00007ffd1e980000 - 0x00007ffd1ed02000 	C:\WINDOWS\System32\combase.dll
0x00007ffd1f5f0000 - 0x00007ffd1f6c8000 	C:\WINDOWS\System32\OLEAUT32.dll
0x00007ffcfd950000 - 0x00007ffcfd98b000 	C:\WINDOWS\SYSTEM32\dbgcore.DLL
0x00007ffd1ddd0000 - 0x00007ffd1de75000 	C:\WINDOWS\System32\bcryptPrimitives.dll
0x00007ffd0afd0000 - 0x00007ffd0aff5000 	C:\Program Files\Java\jdk-17.0.12\bin\java.dll
0x00007ffcd33b0000 - 0x00007ffcd3487000 	C:\Program Files\Java\jdk-17.0.12\bin\jsvml.dll
0x00007ffd1ed80000 - 0x00007ffd1f4e7000 	C:\WINDOWS\System32\SHELL32.dll
0x00007ffd1e0c0000 - 0x00007ffd1e22a000 	C:\WINDOWS\System32\wintypes.dll
0x00007ffd1cf50000 - 0x00007ffd1d7b8000 	C:\WINDOWS\System32\windows.storage.dll
0x00007ffd1f4f0000 - 0x00007ffd1f5e8000 	C:\WINDOWS\System32\SHCORE.dll
0x00007ffd1ed10000 - 0x00007ffd1ed76000 	C:\WINDOWS\System32\shlwapi.dll
0x00007ffd1ce70000 - 0x00007ffd1ce99000 	C:\WINDOWS\SYSTEM32\profapi.dll
0x00007ffd06df0000 - 0x00007ffd06e09000 	C:\Program Files\Java\jdk-17.0.12\bin\net.dll
0x00007ffd16060000 - 0x00007ffd1618d000 	C:\WINDOWS\SYSTEM32\WINHTTP.dll
0x00007ffd1c370000 - 0x00007ffd1c3dc000 	C:\WINDOWS\system32\mswsock.dll
0x00007ffd06dd0000 - 0x00007ffd06de6000 	C:\Program Files\Java\jdk-17.0.12\bin\nio.dll
0x00007ffd06db0000 - 0x00007ffd06dc8000 	C:\Program Files\Java\jdk-17.0.12\bin\zip.dll
0x00007ffd13360000 - 0x00007ffd1336a000 	C:\Program Files\Java\jdk-17.0.12\bin\management.dll
0x00007ffd13350000 - 0x00007ffd1335b000 	C:\Program Files\Java\jdk-17.0.12\bin\management_ext.dll
0x00007ffd0bd40000 - 0x00007ffd0bd4e000 	C:\Program Files\Java\jdk-17.0.12\bin\sunmscapi.dll
0x00007ffd1df40000 - 0x00007ffd1e0b7000 	C:\WINDOWS\System32\CRYPT32.dll
0x00007ffd1c870000 - 0x00007ffd1c8a0000 	C:\WINDOWS\SYSTEM32\ncrypt.dll
0x00007ffd1c820000 - 0x00007ffd1c85f000 	C:\WINDOWS\SYSTEM32\NTASN1.dll
0x00007ffd1c650000 - 0x00007ffd1c66b000 	C:\WINDOWS\SYSTEM32\CRYPTSP.dll
0x00007ffd1bd60000 - 0x00007ffd1bd99000 	C:\WINDOWS\system32\rsaenh.dll
0x00007ffd1c420000 - 0x00007ffd1c453000 	C:\WINDOWS\SYSTEM32\USERENV.dll
0x00007ffd1ce40000 - 0x00007ffd1ce6a000 	C:\WINDOWS\SYSTEM32\bcrypt.dll
0x00007ffd1c670000 - 0x00007ffd1c67c000 	C:\WINDOWS\SYSTEM32\CRYPTBASE.dll
0x00007ffd1b7e0000 - 0x00007ffd1b812000 	C:\WINDOWS\SYSTEM32\IPHLPAPI.DLL
0x00007ffd20410000 - 0x00007ffd2041a000 	C:\WINDOWS\System32\NSI.dll
0x00007ffd163c0000 - 0x00007ffd163dd000 	C:\WINDOWS\SYSTEM32\dhcpcsvc6.DLL
0x00007ffd16250000 - 0x00007ffd16275000 	C:\WINDOWS\SYSTEM32\dhcpcsvc.DLL
0x00007ffd1b820000 - 0x00007ffd1b952000 	C:\WINDOWS\SYSTEM32\DNSAPI.dll

dbghelp: loaded successfully - version: 4.0.5 - missing functions: none
symbol engine: initialized successfully - sym options: 0x614 - pdb path: .;C:\Program Files\Java\jdk-17.0.12\bin;C:\WINDOWS\SYSTEM32;C:\WINDOWS\WinSxS\amd64_microsoft.windows.common-controls_6595b64144ccf1df_6.0.26100.8115_none_3e075c82e3354f9c;C:\Program Files\Java\jdk-17.0.12\bin\server

VM Arguments:
java_command: C:\Users\as\AppData\Local\Temp\surefire1870741656963731762\surefirebooter-20260430174801029_3.jar C:\Users\as\AppData\Local\Temp\surefire1870741656963731762 2026-04-30T17-48-00_890-jvmRun1 surefire-20260430174801029_1tmp surefire_0-20260430174801029_2tmp
java_class_path (initial): C:\Users\as\AppData\Local\Temp\surefire1870741656963731762\surefirebooter-20260430174801029_3.jar
Launcher Type: SUN_STANDARD

[Global flags]
     intx CICompilerCount                          = 12                                        {product} {ergonomic}
     uint ConcGCThreads                            = 3                                         {product} {ergonomic}
     uint G1ConcRefinementThreads                  = 13                                        {product} {ergonomic}
   size_t G1HeapRegionSize                         = 2097152                                   {product} {ergonomic}
    uintx GCDrainStackTargetSize                   = 64                                        {product} {ergonomic}
   size_t InitialHeapSize                          = 264241152                                 {product} {ergonomic}
   size_t MarkStackSize                            = 4194304                                   {product} {ergonomic}
   size_t MaxHeapSize                              = 4198498304                                {product} {ergonomic}
   size_t MaxNewSize                               = 2518679552                                {product} {ergonomic}
   size_t MinHeapDeltaBytes                        = 2097152                                   {product} {ergonomic}
   size_t MinHeapSize                              = 8388608                                   {product} {ergonomic}
    uintx NonNMethodCodeHeapSize                   = 7602480                                {pd product} {ergonomic}
    uintx NonProfiledCodeHeapSize                  = 122027880                              {pd product} {ergonomic}
    uintx ProfiledCodeHeapSize                     = 122027880                              {pd product} {ergonomic}
    uintx ReservedCodeCacheSize                    = 251658240                              {pd product} {ergonomic}
     bool SegmentedCodeCache                       = true                                      {product} {ergonomic}
   size_t SoftMaxHeapSize                          = 4198498304                             {manageable} {ergonomic}
     bool UseCompressedClassPointers               = true                           {product lp64_product} {ergonomic}
     bool UseCompressedOops                        = true                           {product lp64_product} {ergonomic}
     bool UseG1GC                                  = true                                      {product} {ergonomic}
     bool UseLargePagesIndividualAllocation        = false                                  {pd product} {ergonomic}

Logging:
Log output configuration:
 #0: stdout all=warning uptime,level,tags
 #1: stderr all=off uptime,level,tags

Environment Variables:
JAVA_HOME=C:\Program Files\Java\jdk-17.0.12
PATH=C:\Users\as\bin;C:\Program Files\Git\mingw64\bin;C:\Program Files\Git\usr\local\bin;C:\Program Files\Git\usr\bin;C:\Program Files\Git\usr\bin;C:\Program Files\Git\mingw64\bin;C:\Program Files\Git\usr\bin;C:\Users\as\bin;C:\Users\as\Downloads\Technologies\Database\WINDOWS.X64_193000_db_home\bin;C:\Windows\system32;C:\Windows;C:\Windows\System32\Wbem;C:\Windows\System32\WindowsPowerShell\v1.0;C:\Windows\System32\OpenSSH;C:\Program Files (x86)\NVIDIA Corporation\PhysX\Common;C:\Program Files\dotnet;C:\xampp\php;C:\Program Files\Java\jdk-11\bin;C:\Program Files\PuTTY;C:\Program Files\ffmpeg-7.0.1-full_build\bin;C:\Users\as\Downloads\Technologies\apache-maven-3.9.8\bin;C:\Program Files\Amazon\AWSCLIV2;C:\Users\as\AppData\Roaming\Python\Python312\Scripts;C:\Users\as\AppData\Roaming\pip\pip.ini;C:\Users\as\AppData\Local\Programs\Python\Python312\Scripts;C:\ProgramData\chocolatey\bin;C:\Users\as\AppData\Roaming\nvm;C:\Program Files\nodejs;C:\Program Files\Docker\Docker\resources\bin;C:\Users\as\AppData\Local\Programs\cursor\resources\app\bin;C:\Users\as\Downloads\Technologies\Testing\bin;C:\Program Files\NVIDIA Corporation\NVIDIA app\NvDLISR;C:\Program Files\PostgreSQL\17\bin;C:\WINDOWS\system32;C:\WINDOWS;C:\WINDOWS\System32\Wbem;C:\WINDOWS\System32\WindowsPowerShell\v1.0;C:\WINDOWS\System32\OpenSSH;C:\Program Files\Git\cmd;C:\Program Files\Cloudflare\Cloudflare WARP;C:\Program Files\GitHub CLI;C:\Users\as\AppData\Local\Programs\Python\Launcher;C:\Program Files\MySQL\MySQL Shell 8.0\bin;C:\Users\as\AppData\Local\Microsoft\WindowsApps;C:\Users\as\AppData\Local\Programs\Microsoft VS Code\bin;C:\Users\as\.dotnet\tools;C:\Program Files\Java\jdk-17.0.12\bin;C:\Users\as\Downloads\Technologies\apache-maven-3.9.8\bin;C:\Users\as\AppData\Roaming\Python\Python312\Scripts;C:\Users\as\AppData\Roaming\pip\pip.ini;C:\Users\as\Downloads\Technologies\protoc-28.2-win32\bin;C:\Program Files\OpenSSL-Win64\bin;C:\Users\as\AppData\Roaming\npm;C:\Users\as\AppData\Roaming\nvm;C:\Program Files\
USERNAME=as
SHELL=C:\Program Files\Git\bin\bash.exe
OS=Windows_NT
PROCESSOR_IDENTIFIER=Intel64 Family 6 Model 154 Stepping 3, GenuineIntel



---------------  S Y S T E M  ---------------

OS:
 Windows 11 , 64 bit Build 26100 (10.0.26100.8246)
OS uptime: 3 days 1:37 hours
Hyper-V role detected

CPU: total 16 (initial active 16) (8 cores per cpu, 2 threads per core) family 6 model 154 stepping 3 microcode 0x424, cx8, cmov, fxsr, ht, mmx, 3dnowpref, sse, sse2, sse3, ssse3, sse4.1, sse4.2, popcnt, lzcnt, tsc, tscinvbit, avx, avx2, aes, erms, clmul, bmi1, bmi2, adx, sha, fma, vzeroupper, clflush, clflushopt, clwb, hv

Memory: 4k page, system-wide physical 16010M (1183M free)
TotalPageFile size 27995M (AvailPageFile size 673M)
current process WorkingSet (physical memory assigned to process): 267M, peak: 362M
current process commit charge ("private bytes"): 423M, peak: 438M

vm_info: Java HotSpot(TM) 64-Bit Server VM (17.0.12+8-LTS-286) for windows-amd64 JRE (17.0.12+8-LTS-286), built on Jun  5 2024 06:46:59 by "mach5one" with MS VC++ 17.6 (VS2022)

END.
